2015/06/08 16:15:17 [error] [exception.CHttpException.404] exception 'CHttpException' with message 'Unable to resolve the request "usuario".' in C:\wamp\www\yii\framework\web\CWebApplication.php:286
Stack trace:
#0 C:\wamp\www\yii\framework\web\CWebApplication.php(141): CWebApplication->runController('usuario')
#1 C:\wamp\www\yii\framework\base\CApplication.php(184): CWebApplication->processRequest()
#2 C:\wamp\www\yii\rekoreko\index.php(13): CApplication->run()
#3 {main}
REQUEST_URI=/yii/rekoreko/usuario
---
2015/06/08 16:31:23 [error] [exception.CException] exception 'CException' with message 'Property "Usuario.username" is not defined.' in C:\wamp\www\yii\framework\base\CComponent.php:130
Stack trace:
#0 C:\wamp\www\yii\framework\db\ar\CActiveRecord.php(145): CComponent->__get('username')
#1 C:\wamp\www\yii\framework\web\helpers\CHtml.php(2728): CActiveRecord->__get('username')
#2 C:\wamp\www\yii\framework\web\helpers\CHtml.php(2451): CHtml::resolveValue(Object(Usuario), 'username')
#3 C:\wamp\www\yii\framework\web\helpers\CHtml.php(1533): CHtml::activeInputField('text', Object(Usuario), 'username', Array)
#4 C:\wamp\www\yii\framework\web\widgets\CActiveForm.php(792): CHtml::activeTextField(Object(Usuario), 'username', Array)
#5 C:\wamp\www\yii\rekoreko\protected\views\usuario\index.php(18): CActiveForm->textField(Object(Usuario), 'username')
#6 C:\wamp\www\yii\framework\web\CBaseController.php(126): require('C:\wamp\www\yii...')
#7 C:\wamp\www\yii\framework\web\CBaseController.php(95): CBaseController->renderInternal('C:\wamp\www\yii...', Array, true)
#8 C:\wamp\www\yii\framework\web\CController.php(869): CBaseController->renderFile('C:\wamp\www\yii...', Array, true)
#9 C:\wamp\www\yii\framework\web\CController.php(782): CController->renderPartial('index', Array, true)
#10 C:\wamp\www\yii\rekoreko\protected\controllers\UsuarioController.php(8): CController->render('index', Array)
#11 C:\wamp\www\yii\framework\web\actions\CInlineAction.php(49): UsuarioController->actionIndex()
#12 C:\wamp\www\yii\framework\web\CController.php(308): CInlineAction->runWithParams(Array)
#13 C:\wamp\www\yii\framework\web\CController.php(286): CController->runAction(Object(CInlineAction))
#14 C:\wamp\www\yii\framework\web\CController.php(265): CController->runActionWithFilters(Object(CInlineAction), Array)
#15 C:\wamp\www\yii\framework\web\CWebApplication.php(282): CController->run('')
#16 C:\wamp\www\yii\framework\web\CWebApplication.php(141): CWebApplication->runController('usuario')
#17 C:\wamp\www\yii\framework\base\CApplication.php(184): CWebApplication->processRequest()
#18 C:\wamp\www\yii\rekoreko\index.php(13): CApplication->run()
#19 {main}
REQUEST_URI=/yii/rekoreko/usuario
---
2015/06/08 16:31:32 [error] [exception.CException] exception 'CException' with message 'Property "Usuario.username" is not defined.' in C:\wamp\www\yii\framework\base\CComponent.php:130
Stack trace:
#0 C:\wamp\www\yii\framework\db\ar\CActiveRecord.php(145): CComponent->__get('username')
#1 C:\wamp\www\yii\framework\web\helpers\CHtml.php(2728): CActiveRecord->__get('username')
#2 C:\wamp\www\yii\framework\web\helpers\CHtml.php(2451): CHtml::resolveValue(Object(Usuario), 'username')
#3 C:\wamp\www\yii\framework\web\helpers\CHtml.php(1533): CHtml::activeInputField('text', Object(Usuario), 'username', Array)
#4 C:\wamp\www\yii\framework\web\widgets\CActiveForm.php(792): CHtml::activeTextField(Object(Usuario), 'username', Array)
#5 C:\wamp\www\yii\rekoreko\protected\views\usuario\index.php(18): CActiveForm->textField(Object(Usuario), 'username')
#6 C:\wamp\www\yii\framework\web\CBaseController.php(126): require('C:\wamp\www\yii...')
#7 C:\wamp\www\yii\framework\web\CBaseController.php(95): CBaseController->renderInternal('C:\wamp\www\yii...', Array, true)
#8 C:\wamp\www\yii\framework\web\CController.php(869): CBaseController->renderFile('C:\wamp\www\yii...', Array, true)
#9 C:\wamp\www\yii\framework\web\CController.php(782): CController->renderPartial('index', Array, true)
#10 C:\wamp\www\yii\rekoreko\protected\controllers\UsuarioController.php(8): CController->render('index', Array)
#11 C:\wamp\www\yii\framework\web\actions\CInlineAction.php(49): UsuarioController->actionIndex()
#12 C:\wamp\www\yii\framework\web\CController.php(308): CInlineAction->runWithParams(Array)
#13 C:\wamp\www\yii\framework\web\CController.php(286): CController->runAction(Object(CInlineAction))
#14 C:\wamp\www\yii\framework\web\CController.php(265): CController->runActionWithFilters(Object(CInlineAction), Array)
#15 C:\wamp\www\yii\framework\web\CWebApplication.php(282): CController->run('')
#16 C:\wamp\www\yii\framework\web\CWebApplication.php(141): CWebApplication->runController('usuario')
#17 C:\wamp\www\yii\framework\base\CApplication.php(184): CWebApplication->processRequest()
#18 C:\wamp\www\yii\rekoreko\index.php(13): CApplication->run()
#19 {main}
REQUEST_URI=/yii/rekoreko/usuario
---
2015/06/08 17:59:35 [error] [exception.CException] exception 'CException' with message 'Property "Usuario.clave" is not defined.' in C:\wamp\www\yii\framework\base\CComponent.php:130
Stack trace:
#0 C:\wamp\www\yii\framework\db\ar\CActiveRecord.php(145): CComponent->__get('clave')
#1 C:\wamp\www\yii\framework\web\helpers\CHtml.php(2728): CActiveRecord->__get('clave')
#2 C:\wamp\www\yii\framework\web\helpers\CHtml.php(2451): CHtml::resolveValue(Object(Usuario), 'clave')
#3 C:\wamp\www\yii\framework\web\helpers\CHtml.php(1533): CHtml::activeInputField('text', Object(Usuario), 'clave', Array)
#4 C:\wamp\www\yii\framework\web\widgets\CActiveForm.php(792): CHtml::activeTextField(Object(Usuario), 'clave', Array)
#5 C:\wamp\www\yii\rekoreko\protected\views\usuario\index.php(23): CActiveForm->textField(Object(Usuario), 'clave')
#6 C:\wamp\www\yii\framework\web\CBaseController.php(126): require('C:\wamp\www\yii...')
#7 C:\wamp\www\yii\framework\web\CBaseController.php(95): CBaseController->renderInternal('C:\wamp\www\yii...', Array, true)
#8 C:\wamp\www\yii\framework\web\CController.php(869): CBaseController->renderFile('C:\wamp\www\yii...', Array, true)
#9 C:\wamp\www\yii\framework\web\CController.php(782): CController->renderPartial('index', Array, true)
#10 C:\wamp\www\yii\rekoreko\protected\controllers\UsuarioController.php(8): CController->render('index', Array)
#11 C:\wamp\www\yii\framework\web\actions\CInlineAction.php(49): UsuarioController->actionIndex()
#12 C:\wamp\www\yii\framework\web\CController.php(308): CInlineAction->runWithParams(Array)
#13 C:\wamp\www\yii\framework\web\CController.php(286): CController->runAction(Object(CInlineAction))
#14 C:\wamp\www\yii\framework\web\CController.php(265): CController->runActionWithFilters(Object(CInlineAction), Array)
#15 C:\wamp\www\yii\framework\web\CWebApplication.php(282): CController->run('')
#16 C:\wamp\www\yii\framework\web\CWebApplication.php(141): CWebApplication->runController('usuario')
#17 C:\wamp\www\yii\framework\base\CApplication.php(184): CWebApplication->processRequest()
#18 C:\wamp\www\yii\rekoreko\index.php(13): CApplication->run()
#19 {main}
REQUEST_URI=/yii/rekoreko/usuario
HTTP_REFERER=http://localhost/yii/rekoreko/usuario
---
2015/06/08 20:28:08 [error] [exception.CException] exception 'CException' with message 'DatoLoginController cannot find the requested view "login".' in C:\wamp\www\yii\framework\web\CController.php:878
Stack trace:
#0 C:\wamp\www\yii\framework\web\CController.php(782): CController->renderPartial('login', Array, true)
#1 C:\wamp\www\yii\rekoreko\protected\controllers\DatoLoginController.php(27): CController->render('login', Array)
#2 C:\wamp\www\yii\framework\web\actions\CInlineAction.php(49): DatoLoginController->actionIndex()
#3 C:\wamp\www\yii\framework\web\CController.php(308): CInlineAction->runWithParams(Array)
#4 C:\wamp\www\yii\framework\web\CController.php(286): CController->runAction(Object(CInlineAction))
#5 C:\wamp\www\yii\framework\web\CController.php(265): CController->runActionWithFilters(Object(CInlineAction), Array)
#6 C:\wamp\www\yii\framework\web\CWebApplication.php(282): CController->run('')
#7 C:\wamp\www\yii\framework\web\CWebApplication.php(141): CWebApplication->runController('datoLogin')
#8 C:\wamp\www\yii\framework\base\CApplication.php(184): CWebApplication->processRequest()
#9 C:\wamp\www\yii\rekoreko\index.php(13): CApplication->run()
#10 {main}
REQUEST_URI=/yii/rekoreko/datoLogin
---
2015/06/08 20:31:20 [error] [exception.CException] exception 'CException' with message 'DatoLoginController cannot find the requested view "login".' in C:\wamp\www\yii\framework\web\CController.php:878
Stack trace:
#0 C:\wamp\www\yii\framework\web\CController.php(782): CController->renderPartial('login', Array, true)
#1 C:\wamp\www\yii\rekoreko\protected\controllers\DatoLoginController.php(27): CController->render('login', Array)
#2 C:\wamp\www\yii\framework\web\actions\CInlineAction.php(49): DatoLoginController->actionIndex()
#3 C:\wamp\www\yii\framework\web\CController.php(308): CInlineAction->runWithParams(Array)
#4 C:\wamp\www\yii\framework\web\CController.php(286): CController->runAction(Object(CInlineAction))
#5 C:\wamp\www\yii\framework\web\CController.php(265): CController->runActionWithFilters(Object(CInlineAction), Array)
#6 C:\wamp\www\yii\framework\web\CWebApplication.php(282): CController->run('')
#7 C:\wamp\www\yii\framework\web\CWebApplication.php(141): CWebApplication->runController('datoLogin')
#8 C:\wamp\www\yii\framework\base\CApplication.php(184): CWebApplication->processRequest()
#9 C:\wamp\www\yii\rekoreko\index.php(13): CApplication->run()
#10 {main}
REQUEST_URI=/yii/rekoreko/datoLogin
---
2015/06/08 20:32:24 [error] [exception.CException] exception 'CException' with message 'DatoLoginController cannot find the requested view "login".' in C:\wamp\www\yii\framework\web\CController.php:878
Stack trace:
#0 C:\wamp\www\yii\framework\web\CController.php(782): CController->renderPartial('login', Array, true)
#1 C:\wamp\www\yii\rekoreko\protected\controllers\DatoLoginController.php(27): CController->render('login', Array)
#2 C:\wamp\www\yii\framework\web\actions\CInlineAction.php(49): DatoLoginController->actionIndex()
#3 C:\wamp\www\yii\framework\web\CController.php(308): CInlineAction->runWithParams(Array)
#4 C:\wamp\www\yii\framework\web\CController.php(286): CController->runAction(Object(CInlineAction))
#5 C:\wamp\www\yii\framework\web\CController.php(265): CController->runActionWithFilters(Object(CInlineAction), Array)
#6 C:\wamp\www\yii\framework\web\CWebApplication.php(282): CController->run('')
#7 C:\wamp\www\yii\framework\web\CWebApplication.php(141): CWebApplication->runController('datoLogin')
#8 C:\wamp\www\yii\framework\base\CApplication.php(184): CWebApplication->processRequest()
#9 C:\wamp\www\yii\rekoreko\index.php(13): CApplication->run()
#10 {main}
REQUEST_URI=/yii/rekoreko/datoLogin
---
